c:\users\c015289g\desktop\temp1\deferred\deferred\graphics\graphicstutorial\graphicstutorial\x64\debug\vc142.pdb
c:\users\c015289g\desktop\temp1\deferred\deferred\graphics\graphicstutorial\graphicstutorial\x64\debug\vc142.idb
c:\users\c015289g\desktop\temp1\deferred\deferred\graphics\graphicstutorial\graphicstutorial\x64\debug\postprocessing.obj
c:\users\c015289g\desktop\temp1\deferred\deferred\graphics\graphicstutorial\graphicstutorial\x64\debug\modelloader.obj
c:\users\c015289g\desktop\temp1\deferred\deferred\graphics\graphicstutorial\graphicstutorial\x64\debug\model.obj
c:\users\c015289g\desktop\temp1\deferred\deferred\graphics\graphicstutorial\graphicstutorial\x64\debug\material.obj
c:\users\c015289g\desktop\temp1\deferred\deferred\graphics\graphicstutorial\graphicstutorial\x64\debug\main.obj
c:\users\c015289g\desktop\temp1\deferred\deferred\graphics\graphicstutorial\graphicstutorial\x64\debug\gameobject.obj
c:\users\c015289g\desktop\temp1\deferred\deferred\graphics\graphicstutorial\graphicstutorial\x64\debug\dissolveshader.obj
c:\users\c015289g\desktop\temp1\deferred\deferred\graphics\graphicstutorial\graphicstutorial\x64\debug\ddstextureloader.obj
c:\users\c015289g\desktop\temp1\deferred\deferred\graphics\graphicstutorial\graphicstutorial\x64\debug\camera.obj
c:\users\c015289g\desktop\temp1\deferred\deferred\graphics\graphicstutorial\graphicstutorial\x64\debug\application.obj
c:\users\c015289g\desktop\temp1\deferred\deferred\graphics\graphicstutorial\graphicstutorial\x64\debug\defferedrender.obj
c:\users\c015289g\desktop\temp1\temp\deferred\deferred\graphics\graphicstutorial\graphicstutorial\x64\debug\vc142.pdb
c:\users\c015289g\desktop\temp1\temp\deferred\deferred\graphics\graphicstutorial\graphicstutorial\x64\debug\vc142.idb
c:\users\c015289g\desktop\temp1\temp\deferred\deferred\graphics\graphicstutorial\graphicstutorial\x64\debug\postprocessing.obj
c:\users\c015289g\desktop\temp1\temp\deferred\deferred\graphics\graphicstutorial\graphicstutorial\x64\debug\modelloader.obj
c:\users\c015289g\desktop\temp1\temp\deferred\deferred\graphics\graphicstutorial\graphicstutorial\x64\debug\model.obj
c:\users\c015289g\desktop\temp1\temp\deferred\deferred\graphics\graphicstutorial\graphicstutorial\x64\debug\material.obj
c:\users\c015289g\desktop\temp1\temp\deferred\deferred\graphics\graphicstutorial\graphicstutorial\x64\debug\main.obj
c:\users\c015289g\desktop\temp1\temp\deferred\deferred\graphics\graphicstutorial\graphicstutorial\x64\debug\gameobject.obj
c:\users\c015289g\desktop\temp1\temp\deferred\deferred\graphics\graphicstutorial\graphicstutorial\x64\debug\dissolveshader.obj
c:\users\c015289g\desktop\temp1\temp\deferred\deferred\graphics\graphicstutorial\graphicstutorial\x64\debug\defferedrender.obj
c:\users\c015289g\desktop\temp1\temp\deferred\deferred\graphics\graphicstutorial\graphicstutorial\x64\debug\ddstextureloader.obj
c:\users\c015289g\desktop\temp1\temp\deferred\deferred\graphics\graphicstutorial\graphicstutorial\x64\debug\camera.obj
c:\users\c015289g\desktop\temp1\temp\deferred\deferred\graphics\graphicstutorial\graphicstutorial\x64\debug\application.obj
c:\users\c015289g\desktop\temp1\deferred\deferred\graphics\graphicstutorial\x64\debug\graphicstutorial.exe
c:\users\c015289g\desktop\temp1\deferred\deferred\graphics\graphicstutorial\x64\debug\graphicstutorial.ilk
c:\users\c015289g\desktop\temp1\deferred\deferred\graphics\graphicstutorial\x64\debug\graphicstutorial.pdb
c:\users\c015289g\desktop\temp1\temp\deferred\deferred\graphics\graphicstutorial\x64\debug\graphicstutorial.exe
c:\users\c015289g\desktop\temp1\temp\deferred\deferred\graphics\graphicstutorial\x64\debug\graphicstutorial.ilk
c:\users\c015289g\desktop\temp1\temp\deferred\deferred\graphics\graphicstutorial\x64\debug\graphicstutorial.pdb
c:\users\c015289g\desktop\temp1\temp\deferred\deferred\graphics\graphicstutorial\graphicstutorial\x64\debug\graphicstutorial.tlog\cl.command.1.tlog
c:\users\c015289g\desktop\temp1\temp\deferred\deferred\graphics\graphicstutorial\graphicstutorial\x64\debug\graphicstutorial.tlog\cl.read.1.tlog
c:\users\c015289g\desktop\temp1\temp\deferred\deferred\graphics\graphicstutorial\graphicstutorial\x64\debug\graphicstutorial.tlog\cl.write.1.tlog
c:\users\c015289g\desktop\temp1\temp\deferred\deferred\graphics\graphicstutorial\graphicstutorial\x64\debug\graphicstutorial.tlog\fxc.command.1.tlog
c:\users\c015289g\desktop\temp1\temp\deferred\deferred\graphics\graphicstutorial\graphicstutorial\x64\debug\graphicstutorial.tlog\link.command.1.tlog
c:\users\c015289g\desktop\temp1\temp\deferred\deferred\graphics\graphicstutorial\graphicstutorial\x64\debug\graphicstutorial.tlog\link.read.1.tlog
c:\users\c015289g\desktop\temp1\temp\deferred\deferred\graphics\graphicstutorial\graphicstutorial\x64\debug\graphicstutorial.tlog\link.write.1.tlog
